[18-Oct-2022 20:43:21 UTC] PHP Fatal error:  Uncaught Error: Call to undefined function excerpt() in /Users/akilmacbook/Local Sites/sumit/app/public/wp-content/themes/sumit/home.php:491
Stack trace:
#0 /Users/akilmacbook/Local Sites/sumit/app/public/wp-includes/template-loader.php(106): include()
#1 /Users/akilmacbook/Local Sites/sumit/app/public/wp-blog-header.php(19): require_once('/Users/akilmacb...')
#2 /Users/akilmacbook/Local Sites/sumit/app/public/index.php(17): require('/Users/akilmacb...')
#3 {main}
  thrown in /Users/akilmacbook/Local Sites/sumit/app/public/wp-content/themes/sumit/home.php on line 491
[18-Oct-2022 20:45:09 UTC] PHP Fatal error:  Uncaught Error: Call to undefined function excerpt() in /Users/akilmacbook/Local Sites/sumit/app/public/wp-content/themes/sumit/home.php:491
Stack trace:
#0 /Users/akilmacbook/Local Sites/sumit/app/public/wp-includes/template-loader.php(106): include()
#1 /Users/akilmacbook/Local Sites/sumit/app/public/wp-blog-header.php(19): require_once('/Users/akilmacb...')
#2 /Users/akilmacbook/Local Sites/sumit/app/public/index.php(17): require('/Users/akilmacb...')
#3 {main}
  thrown in /Users/akilmacbook/Local Sites/sumit/app/public/wp-content/themes/sumit/home.php on line 491
[19-Oct-2022 20:57:09 UTC] PHP Parse error:  syntax error, unexpected 'else' (T_ELSE) in /Users/akilmacbook/Local Sites/sumit/app/public/wp-content/themes/sumit/home.php on line 685
[19-Oct-2022 21:00:17 UTC] PHP Parse error:  syntax error, unexpected end of file in /Users/akilmacbook/Local Sites/sumit/app/public/wp-content/themes/sumit/home.php on line 854
[19-Oct-2022 21:00:35 UTC] PHP Parse error:  syntax error, unexpected end of file in /Users/akilmacbook/Local Sites/sumit/app/public/wp-content/themes/sumit/home.php on line 854
[20-Oct-2022 17:05:23 UTC] PHP Parse error:  syntax error, unexpected '{', expecting ']' in /Users/akilmacbook/Local Sites/sumit/app/public/wp-content/themes/sumit/functions.php on line 184
[20-Oct-2022 17:46:56 UTC] PHP Parse error:  syntax error, unexpected '{', expecting ']' in /Users/akilmacbook/Local Sites/sumit/app/public/wp-content/themes/sumit/functions.php on line 184
[20-Oct-2022 17:47:58 UTC] PHP Parse error:  syntax error, unexpected '{', expecting ']' in /Users/akilmacbook/Local Sites/sumit/app/public/wp-content/themes/sumit/functions.php on line 184
[20-Oct-2022 17:48:18 UTC] PHP Parse error:  syntax error, unexpected '{', expecting ')' in /Users/akilmacbook/Local Sites/sumit/app/public/wp-content/themes/sumit/functions.php on line 184
[20-Oct-2022 17:48:55 UTC] PHP Parse error:  syntax error, unexpected '{', expecting ')' in /Users/akilmacbook/Local Sites/sumit/app/public/wp-content/themes/sumit/functions.php on line 184
[20-Oct-2022 17:49:33 UTC] PHP Parse error:  syntax error, unexpected '{', expecting ')' in /Users/akilmacbook/Local Sites/sumit/app/public/wp-content/themes/sumit/functions.php on line 184
[20-Oct-2022 17:50:50 UTC] PHP Parse error:  syntax error, unexpected '{', expecting ')' in /Users/akilmacbook/Local Sites/sumit/app/public/wp-content/themes/sumit/functions.php on line 184
[20-Oct-2022 17:51:08 UTC] PHP Parse error:  syntax error, unexpected '{', expecting ')' in /Users/akilmacbook/Local Sites/sumit/app/public/wp-content/themes/sumit/functions.php on line 184
[20-Oct-2022 17:51:49 UTC] PHP Parse error:  syntax error, unexpected ';', expecting ')' in /Users/akilmacbook/Local Sites/sumit/app/public/wp-content/themes/sumit/functions.php on line 184
[20-Oct-2022 17:53:02 UTC] PHP Parse error:  syntax error, unexpected '$custom_post_types' (T_VARIABLE) in /Users/akilmacbook/Local Sites/sumit/app/public/wp-content/themes/sumit/functions.php on line 186
[20-Oct-2022 17:54:58 UTC] PHP Parse error:  syntax error, unexpected '=>' (T_DOUBLE_ARROW), expecting ')' in /Users/akilmacbook/Local Sites/sumit/app/public/wp-content/themes/sumit/functions.php on line 187
[20-Oct-2022 17:55:50 UTC] PHP Parse error:  syntax error, unexpected '=>' (T_DOUBLE_ARROW) in /Users/akilmacbook/Local Sites/sumit/app/public/wp-content/themes/sumit/functions.php on line 187
[20-Oct-2022 17:56:28 UTC] PHP Parse error:  syntax error, unexpected '=>' (T_DOUBLE_ARROW), expecting ';' or ',' in /Users/akilmacbook/Local Sites/sumit/app/public/wp-content/themes/sumit/functions.php on line 188
[20-Oct-2022 17:57:16 UTC] PHP Parse error:  syntax error, unexpected '=>' (T_DOUBLE_ARROW), expecting ';' or ',' in /Users/akilmacbook/Local Sites/sumit/app/public/wp-content/themes/sumit/functions.php on line 188
[20-Oct-2022 17:58:37 UTC] PHP Parse error:  syntax error, unexpected ';', expecting ')' in /Users/akilmacbook/Local Sites/sumit/app/public/wp-content/themes/sumit/functions.php on line 187
[20-Oct-2022 17:59:05 UTC] PHP Parse error:  syntax error, unexpected ';', expecting ')' in /Users/akilmacbook/Local Sites/sumit/app/public/wp-content/themes/sumit/functions.php on line 187
[20-Oct-2022 17:59:08 UTC] PHP Parse error:  syntax error, unexpected ';', expecting ')' in /Users/akilmacbook/Local Sites/sumit/app/public/wp-content/themes/sumit/functions.php on line 187
[20-Oct-2022 17:59:10 UTC] PHP Parse error:  syntax error, unexpected ';', expecting ')' in /Users/akilmacbook/Local Sites/sumit/app/public/wp-content/themes/sumit/functions.php on line 187
[20-Oct-2022 17:59:16 UTC] PHP Parse error:  syntax error, unexpected ';', expecting ')' in /Users/akilmacbook/Local Sites/sumit/app/public/wp-content/themes/sumit/functions.php on line 187
[20-Oct-2022 18:03:23 UTC] PHP Parse error:  syntax error, unexpected '{', expecting ')' in /Users/akilmacbook/Local Sites/sumit/app/public/wp-content/themes/sumit/functions.php on line 184
[20-Oct-2022 18:03:32 UTC] PHP Parse error:  syntax error, unexpected '{', expecting ')' in /Users/akilmacbook/Local Sites/sumit/app/public/wp-content/themes/sumit/functions.php on line 184
[20-Oct-2022 18:04:05 UTC] PHP Parse error:  syntax error, unexpected '{', expecting ')' in /Users/akilmacbook/Local Sites/sumit/app/public/wp-content/themes/sumit/functions.php on line 184
[20-Oct-2022 18:04:08 UTC] PHP Parse error:  syntax error, unexpected '{', expecting ')' in /Users/akilmacbook/Local Sites/sumit/app/public/wp-content/themes/sumit/functions.php on line 184
[20-Oct-2022 18:04:10 UTC] PHP Parse error:  syntax error, unexpected '{', expecting ')' in /Users/akilmacbook/Local Sites/sumit/app/public/wp-content/themes/sumit/functions.php on line 184
[20-Oct-2022 20:06:56 UTC] PHP Fatal error:  Uncaught Error: Call to undefined function add_settings_field() in /Users/akilmacbook/Local Sites/sumit/app/public/wp-content/themes/sumit/functions.php:216
Stack trace:
#0 /Users/akilmacbook/Local Sites/sumit/app/public/wp-settings.php(566): include()
#1 /Users/akilmacbook/Local Sites/sumit/app/public/wp-config.php(91): require_once('/Users/akilmacb...')
#2 /Users/akilmacbook/Local Sites/sumit/app/public/wp-load.php(50): require_once('/Users/akilmacb...')
#3 /Users/akilmacbook/Local Sites/sumit/app/public/wp-admin/admin.php(34): require_once('/Users/akilmacb...')
#4 /Users/akilmacbook/Local Sites/sumit/app/public/wp-admin/theme-editor.php(10): require_once('/Users/akilmacb...')
#5 {main}
  thrown in /Users/akilmacbook/Local Sites/sumit/app/public/wp-content/themes/sumit/functions.php on line 216
[20-Oct-2022 20:09:48 UTC] PHP Fatal error:  Uncaught Error: Call to undefined function add_settings_field() in /Users/akilmacbook/Local Sites/sumit/app/public/wp-content/themes/sumit/functions.php:214
Stack trace:
#0 /Users/akilmacbook/Local Sites/sumit/app/public/wp-settings.php(566): include()
#1 /Users/akilmacbook/Local Sites/sumit/app/public/wp-config.php(91): require_once('/Users/akilmacb...')
#2 /Users/akilmacbook/Local Sites/sumit/app/public/wp-load.php(50): require_once('/Users/akilmacb...')
#3 /Users/akilmacbook/Local Sites/sumit/app/public/wp-admin/admin.php(34): require_once('/Users/akilmacb...')
#4 /Users/akilmacbook/Local Sites/sumit/app/public/wp-admin/theme-editor.php(10): require_once('/Users/akilmacb...')
#5 {main}
  thrown in /Users/akilmacbook/Local Sites/sumit/app/public/wp-content/themes/sumit/functions.php on line 214
[20-Oct-2022 20:32:42 UTC] PHP Warning:  call_user_func() expects parameter 1 to be a valid callback, no array or string given in /Users/akilmacbook/Local Sites/sumit/app/public/wp-admin/includes/template.php on line 1749
[20-Oct-2022 20:32:42 UTC] PHP Stack trace:
[20-Oct-2022 20:32:42 UTC] PHP   1. {main}() /Users/akilmacbook/Local Sites/sumit/app/public/wp-admin/options-general.php:0
[20-Oct-2022 20:32:42 UTC] PHP   2. do_settings_fields() /Users/akilmacbook/Local Sites/sumit/app/public/wp-admin/options-general.php:399
[20-Oct-2022 20:32:42 UTC] PHP Warning:  call_user_func() expects parameter 1 to be a valid callback, no array or string given in /Users/akilmacbook/Local Sites/sumit/app/public/wp-admin/includes/template.php on line 1749
[20-Oct-2022 20:32:42 UTC] PHP Stack trace:
[20-Oct-2022 20:32:42 UTC] PHP   1. {main}() /Users/akilmacbook/Local Sites/sumit/app/public/wp-admin/options-general.php:0
[20-Oct-2022 20:32:42 UTC] PHP   2. do_settings_fields() /Users/akilmacbook/Local Sites/sumit/app/public/wp-admin/options-general.php:399
[20-Oct-2022 20:34:04 UTC] PHP Warning:  call_user_func() expects parameter 1 to be a valid callback, class 'hide_section_input' not found in /Users/akilmacbook/Local Sites/sumit/app/public/wp-admin/includes/template.php on line 1749
[20-Oct-2022 20:34:04 UTC] PHP Stack trace:
[20-Oct-2022 20:34:04 UTC] PHP   1. {main}() /Users/akilmacbook/Local Sites/sumit/app/public/wp-admin/options-general.php:0
[20-Oct-2022 20:34:04 UTC] PHP   2. do_settings_fields() /Users/akilmacbook/Local Sites/sumit/app/public/wp-admin/options-general.php:399
[20-Oct-2022 20:34:04 UTC] PHP Warning:  call_user_func() expects parameter 1 to be a valid callback, class 'hide_section_input' not found in /Users/akilmacbook/Local Sites/sumit/app/public/wp-admin/includes/template.php on line 1749
[20-Oct-2022 20:34:04 UTC] PHP Stack trace:
[20-Oct-2022 20:34:04 UTC] PHP   1. {main}() /Users/akilmacbook/Local Sites/sumit/app/public/wp-admin/options-general.php:0
[20-Oct-2022 20:34:04 UTC] PHP   2. do_settings_fields() /Users/akilmacbook/Local Sites/sumit/app/public/wp-admin/options-general.php:399
[20-Oct-2022 20:34:42 UTC] PHP Parse error:  syntax error, unexpected ']', expecting ')' in /Users/akilmacbook/Local Sites/sumit/app/public/wp-content/themes/sumit/functions.php on line 220
[20-Oct-2022 20:35:04 UTC] PHP Warning:  call_user_func() expects parameter 1 to be a valid callback, function 'hide_section_input(clients)' not found or invalid function name in /Users/akilmacbook/Local Sites/sumit/app/public/wp-admin/includes/template.php on line 1749
[20-Oct-2022 20:35:04 UTC] PHP Stack trace:
[20-Oct-2022 20:35:04 UTC] PHP   1. {main}() /Users/akilmacbook/Local Sites/sumit/app/public/wp-admin/options-general.php:0
[20-Oct-2022 20:35:04 UTC] PHP   2. do_settings_fields() /Users/akilmacbook/Local Sites/sumit/app/public/wp-admin/options-general.php:399
[20-Oct-2022 20:35:04 UTC] PHP Warning:  call_user_func() expects parameter 1 to be a valid callback, function 'hide_section_input(community)' not found or invalid function name in /Users/akilmacbook/Local Sites/sumit/app/public/wp-admin/includes/template.php on line 1749
[20-Oct-2022 20:35:04 UTC] PHP Stack trace:
[20-Oct-2022 20:35:04 UTC] PHP   1. {main}() /Users/akilmacbook/Local Sites/sumit/app/public/wp-admin/options-general.php:0
[20-Oct-2022 20:35:04 UTC] PHP   2. do_settings_fields() /Users/akilmacbook/Local Sites/sumit/app/public/wp-admin/options-general.php:399
[20-Oct-2022 20:44:02 UTC] PHP Fatal error:  Uncaught Error: Using $this when not in object context in /Users/akilmacbook/Local Sites/sumit/app/public/wp-content/themes/sumit/functions.php:220
Stack trace:
#0 /Users/akilmacbook/Local Sites/sumit/app/public/wp-includes/class-wp-hook.php(307): general_settings_register_hide_section_inputs('')
#1 /Users/akilmacbook/Local Sites/sumit/app/public/wp-includes/class-wp-hook.php(331): WP_Hook->apply_filters(NULL, Array)
#2 /Users/akilmacbook/Local Sites/sumit/app/public/wp-includes/plugin.php(476): WP_Hook->do_action(Array)
#3 /Users/akilmacbook/Local Sites/sumit/app/public/wp-admin/admin.php(175): do_action('admin_init')
#4 /Users/akilmacbook/Local Sites/sumit/app/public/wp-admin/theme-editor.php(10): require_once('/Users/akilmacb...')
#5 {main}
  thrown in /Users/akilmacbook/Local Sites/sumit/app/public/wp-content/themes/sumit/functions.php on line 220
[20-Oct-2022 20:44:38 UTC] PHP Warning:  call_user_func_array() expects parameter 2 to be array, string given in /Users/akilmacbook/Local Sites/sumit/app/public/wp-content/themes/sumit/functions.php on line 220
[20-Oct-2022 20:44:38 UTC] PHP Stack trace:
[20-Oct-2022 20:44:38 UTC] PHP   1. {main}() /Users/akilmacbook/Local Sites/sumit/app/public/wp-admin/theme-editor.php:0
[20-Oct-2022 20:44:38 UTC] PHP   2. require_once() /Users/akilmacbook/Local Sites/sumit/app/public/wp-admin/theme-editor.php:10
[20-Oct-2022 20:44:38 UTC] PHP   3. do_action() /Users/akilmacbook/Local Sites/sumit/app/public/wp-admin/admin.php:175
[20-Oct-2022 20:44:38 UTC] PHP   4. WP_Hook->do_action() /Users/akilmacbook/Local Sites/sumit/app/public/wp-includes/plugin.php:476
[20-Oct-2022 20:44:38 UTC] PHP   5. WP_Hook->apply_filters() /Users/akilmacbook/Local Sites/sumit/app/public/wp-includes/class-wp-hook.php:331
[20-Oct-2022 20:44:38 UTC] PHP   6. general_settings_register_hide_section_inputs() /Users/akilmacbook/Local Sites/sumit/app/public/wp-includes/class-wp-hook.php:307
[20-Oct-2022 20:44:38 UTC] PHP Warning:  call_user_func_array() expects parameter 2 to be array, string given in /Users/akilmacbook/Local Sites/sumit/app/public/wp-content/themes/sumit/functions.php on line 220
[20-Oct-2022 20:44:38 UTC] PHP Stack trace:
[20-Oct-2022 20:44:38 UTC] PHP   1. {main}() /Users/akilmacbook/Local Sites/sumit/app/public/wp-admin/theme-editor.php:0
[20-Oct-2022 20:44:38 UTC] PHP   2. require_once() /Users/akilmacbook/Local Sites/sumit/app/public/wp-admin/theme-editor.php:10
[20-Oct-2022 20:44:38 UTC] PHP   3. do_action() /Users/akilmacbook/Local Sites/sumit/app/public/wp-admin/admin.php:175
[20-Oct-2022 20:44:38 UTC] PHP   4. WP_Hook->do_action() /Users/akilmacbook/Local Sites/sumit/app/public/wp-includes/plugin.php:476
[20-Oct-2022 20:44:38 UTC] PHP   5. WP_Hook->apply_filters() /Users/akilmacbook/Local Sites/sumit/app/public/wp-includes/class-wp-hook.php:331
[20-Oct-2022 20:44:38 UTC] PHP   6. general_settings_register_hide_section_inputs() /Users/akilmacbook/Local Sites/sumit/app/public/wp-includes/class-wp-hook.php:307
[20-Oct-2022 20:44:38 UTC] PHP Warning:  Cannot modify header information - headers already sent by (output started at /Users/akilmacbook/Local Sites/sumit/app/public/wp-content/themes/sumit/functions.php:220) in /Users/akilmacbook/Local Sites/sumit/app/public/wp-admin/includes/misc.php on line 1381
[20-Oct-2022 20:44:38 UTC] PHP Stack trace:
[20-Oct-2022 20:44:38 UTC] PHP   1. {main}() /Users/akilmacbook/Local Sites/sumit/app/public/wp-admin/theme-editor.php:0
[20-Oct-2022 20:44:38 UTC] PHP   2. require_once() /Users/akilmacbook/Local Sites/sumit/app/public/wp-admin/theme-editor.php:10
[20-Oct-2022 20:44:38 UTC] PHP   3. do_action() /Users/akilmacbook/Local Sites/sumit/app/public/wp-admin/admin.php:175
[20-Oct-2022 20:44:38 UTC] PHP   4. WP_Hook->do_action() /Users/akilmacbook/Local Sites/sumit/app/public/wp-includes/plugin.php:476
[20-Oct-2022 20:44:38 UTC] PHP   5. WP_Hook->apply_filters() /Users/akilmacbook/Local Sites/sumit/app/public/wp-includes/class-wp-hook.php:331
[20-Oct-2022 20:44:38 UTC] PHP   6. wp_admin_headers() /Users/akilmacbook/Local Sites/sumit/app/public/wp-includes/class-wp-hook.php:307
[20-Oct-2022 20:44:38 UTC] PHP   7. header() /Users/akilmacbook/Local Sites/sumit/app/public/wp-admin/includes/misc.php:1381
[20-Oct-2022 20:44:38 UTC] PHP Warning:  Cannot modify header information - headers already sent by (output started at /Users/akilmacbook/Local Sites/sumit/app/public/wp-content/themes/sumit/functions.php:220) in /Users/akilmacbook/Local Sites/sumit/app/public/wp-includes/functions.php on line 6880
[20-Oct-2022 20:44:38 UTC] PHP Stack trace:
[20-Oct-2022 20:44:38 UTC] PHP   1. {main}() /Users/akilmacbook/Local Sites/sumit/app/public/wp-admin/theme-editor.php:0
[20-Oct-2022 20:44:38 UTC] PHP   2. require_once() /Users/akilmacbook/Local Sites/sumit/app/public/wp-admin/theme-editor.php:10
[20-Oct-2022 20:44:38 UTC] PHP   3. do_action() /Users/akilmacbook/Local Sites/sumit/app/public/wp-admin/admin.php:175
[20-Oct-2022 20:44:38 UTC] PHP   4. WP_Hook->do_action() /Users/akilmacbook/Local Sites/sumit/app/public/wp-includes/plugin.php:476
[20-Oct-2022 20:44:38 UTC] PHP   5. WP_Hook->apply_filters() /Users/akilmacbook/Local Sites/sumit/app/public/wp-includes/class-wp-hook.php:331
[20-Oct-2022 20:44:38 UTC] PHP   6. send_frame_options_header() /Users/akilmacbook/Local Sites/sumit/app/public/wp-includes/class-wp-hook.php:305
[20-Oct-2022 20:44:38 UTC] PHP   7. header() /Users/akilmacbook/Local Sites/sumit/app/public/wp-includes/functions.php:6880
[20-Oct-2022 20:44:38 UTC] PHP Warning:  Cannot modify header information - headers already sent by (output started at /Users/akilmacbook/Local Sites/sumit/app/public/wp-content/themes/sumit/functions.php:220) in /Users/akilmacbook/Local Sites/sumit/app/public/wp-admin/admin-header.php on line 9
[20-Oct-2022 20:44:38 UTC] PHP Stack trace:
[20-Oct-2022 20:44:38 UTC] PHP   1. {main}() /Users/akilmacbook/Local Sites/sumit/app/public/wp-admin/theme-editor.php:0
[20-Oct-2022 20:44:38 UTC] PHP   2. require_once() /Users/akilmacbook/Local Sites/sumit/app/public/wp-admin/theme-editor.php:149
[20-Oct-2022 20:44:38 UTC] PHP   3. header() /Users/akilmacbook/Local Sites/sumit/app/public/wp-admin/admin-header.php:9
[20-Oct-2022 20:44:43 UTC] PHP Warning:  call_user_func_array() expects parameter 2 to be array, string given in /Users/akilmacbook/Local Sites/sumit/app/public/wp-content/themes/sumit/functions.php on line 220
[20-Oct-2022 20:44:43 UTC] PHP Stack trace:
[20-Oct-2022 20:44:43 UTC] PHP   1. {main}() /Users/akilmacbook/Local Sites/sumit/app/public/wp-admin/options-general.php:0
[20-Oct-2022 20:44:43 UTC] PHP   2. require_once() /Users/akilmacbook/Local Sites/sumit/app/public/wp-admin/options-general.php:10
[20-Oct-2022 20:44:43 UTC] PHP   3. do_action() /Users/akilmacbook/Local Sites/sumit/app/public/wp-admin/admin.php:175
[20-Oct-2022 20:44:43 UTC] PHP   4. WP_Hook->do_action() /Users/akilmacbook/Local Sites/sumit/app/public/wp-includes/plugin.php:476
[20-Oct-2022 20:44:43 UTC] PHP   5. WP_Hook->apply_filters() /Users/akilmacbook/Local Sites/sumit/app/public/wp-includes/class-wp-hook.php:331
[20-Oct-2022 20:44:43 UTC] PHP   6. general_settings_register_hide_section_inputs() /Users/akilmacbook/Local Sites/sumit/app/public/wp-includes/class-wp-hook.php:307
[20-Oct-2022 20:44:43 UTC] PHP Warning:  call_user_func_array() expects parameter 2 to be array, string given in /Users/akilmacbook/Local Sites/sumit/app/public/wp-content/themes/sumit/functions.php on line 220
[20-Oct-2022 20:44:43 UTC] PHP Stack trace:
[20-Oct-2022 20:44:43 UTC] PHP   1. {main}() /Users/akilmacbook/Local Sites/sumit/app/public/wp-admin/options-general.php:0
[20-Oct-2022 20:44:43 UTC] PHP   2. require_once() /Users/akilmacbook/Local Sites/sumit/app/public/wp-admin/options-general.php:10
[20-Oct-2022 20:44:43 UTC] PHP   3. do_action() /Users/akilmacbook/Local Sites/sumit/app/public/wp-admin/admin.php:175
[20-Oct-2022 20:44:43 UTC] PHP   4. WP_Hook->do_action() /Users/akilmacbook/Local Sites/sumit/app/public/wp-includes/plugin.php:476
[20-Oct-2022 20:44:43 UTC] PHP   5. WP_Hook->apply_filters() /Users/akilmacbook/Local Sites/sumit/app/public/wp-includes/class-wp-hook.php:331
[20-Oct-2022 20:44:43 UTC] PHP   6. general_settings_register_hide_section_inputs() /Users/akilmacbook/Local Sites/sumit/app/public/wp-includes/class-wp-hook.php:307
[20-Oct-2022 20:44:43 UTC] PHP Warning:  Cannot modify header information - headers already sent by (output started at /Users/akilmacbook/Local Sites/sumit/app/public/wp-content/themes/sumit/functions.php:220) in /Users/akilmacbook/Local Sites/sumit/app/public/wp-admin/includes/misc.php on line 1381
[20-Oct-2022 20:44:43 UTC] PHP Stack trace:
[20-Oct-2022 20:44:43 UTC] PHP   1. {main}() /Users/akilmacbook/Local Sites/sumit/app/public/wp-admin/options-general.php:0
[20-Oct-2022 20:44:43 UTC] PHP   2. require_once() /Users/akilmacbook/Local Sites/sumit/app/public/wp-admin/options-general.php:10
[20-Oct-2022 20:44:43 UTC] PHP   3. do_action() /Users/akilmacbook/Local Sites/sumit/app/public/wp-admin/admin.php:175
[20-Oct-2022 20:44:43 UTC] PHP   4. WP_Hook->do_action() /Users/akilmacbook/Local Sites/sumit/app/public/wp-includes/plugin.php:476
[20-Oct-2022 20:44:43 UTC] PHP   5. WP_Hook->apply_filters() /Users/akilmacbook/Local Sites/sumit/app/public/wp-includes/class-wp-hook.php:331
[20-Oct-2022 20:44:43 UTC] PHP   6. wp_admin_headers() /Users/akilmacbook/Local Sites/sumit/app/public/wp-includes/class-wp-hook.php:307
[20-Oct-2022 20:44:43 UTC] PHP   7. header() /Users/akilmacbook/Local Sites/sumit/app/public/wp-admin/includes/misc.php:1381
[20-Oct-2022 20:44:43 UTC] PHP Warning:  Cannot modify header information - headers already sent by (output started at /Users/akilmacbook/Local Sites/sumit/app/public/wp-content/themes/sumit/functions.php:220) in /Users/akilmacbook/Local Sites/sumit/app/public/wp-includes/functions.php on line 6880
[20-Oct-2022 20:44:43 UTC] PHP Stack trace:
[20-Oct-2022 20:44:43 UTC] PHP   1. {main}() /Users/akilmacbook/Local Sites/sumit/app/public/wp-admin/options-general.php:0
[20-Oct-2022 20:44:43 UTC] PHP   2. require_once() /Users/akilmacbook/Local Sites/sumit/app/public/wp-admin/options-general.php:10
[20-Oct-2022 20:44:43 UTC] PHP   3. do_action() /Users/akilmacbook/Local Sites/sumit/app/public/wp-admin/admin.php:175
[20-Oct-2022 20:44:43 UTC] PHP   4. WP_Hook->do_action() /Users/akilmacbook/Local Sites/sumit/app/public/wp-includes/plugin.php:476
[20-Oct-2022 20:44:43 UTC] PHP   5. WP_Hook->apply_filters() /Users/akilmacbook/Local Sites/sumit/app/public/wp-includes/class-wp-hook.php:331
[20-Oct-2022 20:44:43 UTC] PHP   6. send_frame_options_header() /Users/akilmacbook/Local Sites/sumit/app/public/wp-includes/class-wp-hook.php:305
[20-Oct-2022 20:44:43 UTC] PHP   7. header() /Users/akilmacbook/Local Sites/sumit/app/public/wp-includes/functions.php:6880
[20-Oct-2022 20:44:43 UTC] PHP Warning:  Cannot modify header information - headers already sent by (output started at /Users/akilmacbook/Local Sites/sumit/app/public/wp-content/themes/sumit/functions.php:220) in /Users/akilmacbook/Local Sites/sumit/app/public/wp-admin/admin-header.php on line 9
[20-Oct-2022 20:44:43 UTC] PHP Stack trace:
[20-Oct-2022 20:44:43 UTC] PHP   1. {main}() /Users/akilmacbook/Local Sites/sumit/app/public/wp-admin/options-general.php:0
[20-Oct-2022 20:44:43 UTC] PHP   2. require_once() /Users/akilmacbook/Local Sites/sumit/app/public/wp-admin/options-general.php:53
[20-Oct-2022 20:44:43 UTC] PHP   3. header() /Users/akilmacbook/Local Sites/sumit/app/public/wp-admin/admin-header.php:9
[20-Oct-2022 20:44:43 UTC] PHP Warning:  call_user_func() expects parameter 1 to be a valid callback, no array or string given in /Users/akilmacbook/Local Sites/sumit/app/public/wp-admin/includes/template.php on line 1749
[20-Oct-2022 20:44:43 UTC] PHP Stack trace:
[20-Oct-2022 20:44:43 UTC] PHP   1. {main}() /Users/akilmacbook/Local Sites/sumit/app/public/wp-admin/options-general.php:0
[20-Oct-2022 20:44:43 UTC] PHP   2. do_settings_fields() /Users/akilmacbook/Local Sites/sumit/app/public/wp-admin/options-general.php:399
[20-Oct-2022 20:44:43 UTC] PHP Warning:  call_user_func() expects parameter 1 to be a valid callback, no array or string given in /Users/akilmacbook/Local Sites/sumit/app/public/wp-admin/includes/template.php on line 1749
[20-Oct-2022 20:44:43 UTC] PHP Stack trace:
[20-Oct-2022 20:44:43 UTC] PHP   1. {main}() /Users/akilmacbook/Local Sites/sumit/app/public/wp-admin/options-general.php:0
[20-Oct-2022 20:44:43 UTC] PHP   2. do_settings_fields() /Users/akilmacbook/Local Sites/sumit/app/public/wp-admin/options-general.php:399
[20-Oct-2022 20:45:23 UTC] PHP Warning:  call_user_func_array() expects parameter 2 to be array, string given in /Users/akilmacbook/Local Sites/sumit/app/public/wp-content/themes/sumit/functions.php on line 220
[20-Oct-2022 20:45:23 UTC] PHP Stack trace:
[20-Oct-2022 20:45:23 UTC] PHP   1. {main}() /Users/akilmacbook/Local Sites/sumit/app/public/wp-admin/admin-ajax.php:0
[20-Oct-2022 20:45:23 UTC] PHP   2. do_action() /Users/akilmacbook/Local Sites/sumit/app/public/wp-admin/admin-ajax.php:45
[20-Oct-2022 20:45:23 UTC] PHP   3. WP_Hook->do_action() /Users/akilmacbook/Local Sites/sumit/app/public/wp-includes/plugin.php:476
[20-Oct-2022 20:45:23 UTC] PHP   4. WP_Hook->apply_filters() /Users/akilmacbook/Local Sites/sumit/app/public/wp-includes/class-wp-hook.php:331
[20-Oct-2022 20:45:23 UTC] PHP   5. general_settings_register_hide_section_inputs() /Users/akilmacbook/Local Sites/sumit/app/public/wp-includes/class-wp-hook.php:307
[20-Oct-2022 20:45:23 UTC] PHP Warning:  call_user_func_array() expects parameter 2 to be array, string given in /Users/akilmacbook/Local Sites/sumit/app/public/wp-content/themes/sumit/functions.php on line 220
[20-Oct-2022 20:45:23 UTC] PHP Stack trace:
[20-Oct-2022 20:45:23 UTC] PHP   1. {main}() /Users/akilmacbook/Local Sites/sumit/app/public/wp-admin/admin-ajax.php:0
[20-Oct-2022 20:45:23 UTC] PHP   2. do_action() /Users/akilmacbook/Local Sites/sumit/app/public/wp-admin/admin-ajax.php:45
[20-Oct-2022 20:45:23 UTC] PHP   3. WP_Hook->do_action() /Users/akilmacbook/Local Sites/sumit/app/public/wp-includes/plugin.php:476
[20-Oct-2022 20:45:23 UTC] PHP   4. WP_Hook->apply_filters() /Users/akilmacbook/Local Sites/sumit/app/public/wp-includes/class-wp-hook.php:331
[20-Oct-2022 20:45:23 UTC] PHP   5. general_settings_register_hide_section_inputs() /Users/akilmacbook/Local Sites/sumit/app/public/wp-includes/class-wp-hook.php:307
[20-Oct-2022 20:45:45 UTC] PHP Warning:  call_user_func_array() expects parameter 2 to be array, string given in /Users/akilmacbook/Local Sites/sumit/app/public/wp-content/themes/sumit/functions.php on line 220
[20-Oct-2022 20:45:45 UTC] PHP Stack trace:
[20-Oct-2022 20:45:45 UTC] PHP   1. {main}() /Users/akilmacbook/Local Sites/sumit/app/public/wp-admin/admin-ajax.php:0
[20-Oct-2022 20:45:45 UTC] PHP   2. do_action() /Users/akilmacbook/Local Sites/sumit/app/public/wp-admin/admin-ajax.php:45
[20-Oct-2022 20:45:45 UTC] PHP   3. WP_Hook->do_action() /Users/akilmacbook/Local Sites/sumit/app/public/wp-includes/plugin.php:476
[20-Oct-2022 20:45:45 UTC] PHP   4. WP_Hook->apply_filters() /Users/akilmacbook/Local Sites/sumit/app/public/wp-includes/class-wp-hook.php:331
[20-Oct-2022 20:45:45 UTC] PHP   5. general_settings_register_hide_section_inputs() /Users/akilmacbook/Local Sites/sumit/app/public/wp-includes/class-wp-hook.php:307
[20-Oct-2022 20:45:45 UTC] PHP Warning:  call_user_func_array() expects parameter 2 to be array, string given in /Users/akilmacbook/Local Sites/sumit/app/public/wp-content/themes/sumit/functions.php on line 220
[20-Oct-2022 20:45:45 UTC] PHP Stack trace:
[20-Oct-2022 20:45:45 UTC] PHP   1. {main}() /Users/akilmacbook/Local Sites/sumit/app/public/wp-admin/admin-ajax.php:0
[20-Oct-2022 20:45:45 UTC] PHP   2. do_action() /Users/akilmacbook/Local Sites/sumit/app/public/wp-admin/admin-ajax.php:45
[20-Oct-2022 20:45:45 UTC] PHP   3. WP_Hook->do_action() /Users/akilmacbook/Local Sites/sumit/app/public/wp-includes/plugin.php:476
[20-Oct-2022 20:45:45 UTC] PHP   4. WP_Hook->apply_filters() /Users/akilmacbook/Local Sites/sumit/app/public/wp-includes/class-wp-hook.php:331
[20-Oct-2022 20:45:45 UTC] PHP   5. general_settings_register_hide_section_inputs() /Users/akilmacbook/Local Sites/sumit/app/public/wp-includes/class-wp-hook.php:307
[20-Oct-2022 20:46:23 UTC] PHP Warning:  call_user_func_array() expects parameter 2 to be array, string given in /Users/akilmacbook/Local Sites/sumit/app/public/wp-content/themes/sumit/functions.php on line 220
[20-Oct-2022 20:46:23 UTC] PHP Stack trace:
[20-Oct-2022 20:46:23 UTC] PHP   1. {main}() /Users/akilmacbook/Local Sites/sumit/app/public/wp-admin/admin-ajax.php:0
[20-Oct-2022 20:46:23 UTC] PHP   2. do_action() /Users/akilmacbook/Local Sites/sumit/app/public/wp-admin/admin-ajax.php:45
[20-Oct-2022 20:46:23 UTC] PHP   3. WP_Hook->do_action() /Users/akilmacbook/Local Sites/sumit/app/public/wp-includes/plugin.php:476
[20-Oct-2022 20:46:23 UTC] PHP   4. WP_Hook->apply_filters() /Users/akilmacbook/Local Sites/sumit/app/public/wp-includes/class-wp-hook.php:331
[20-Oct-2022 20:46:23 UTC] PHP   5. general_settings_register_hide_section_inputs() /Users/akilmacbook/Local Sites/sumit/app/public/wp-includes/class-wp-hook.php:307
[20-Oct-2022 20:46:23 UTC] PHP Warning:  call_user_func_array() expects parameter 2 to be array, string given in /Users/akilmacbook/Local Sites/sumit/app/public/wp-content/themes/sumit/functions.php on line 220
[20-Oct-2022 20:46:23 UTC] PHP Stack trace:
[20-Oct-2022 20:46:23 UTC] PHP   1. {main}() /Users/akilmacbook/Local Sites/sumit/app/public/wp-admin/admin-ajax.php:0
[20-Oct-2022 20:46:23 UTC] PHP   2. do_action() /Users/akilmacbook/Local Sites/sumit/app/public/wp-admin/admin-ajax.php:45
[20-Oct-2022 20:46:23 UTC] PHP   3. WP_Hook->do_action() /Users/akilmacbook/Local Sites/sumit/app/public/wp-includes/plugin.php:476
[20-Oct-2022 20:46:23 UTC] PHP   4. WP_Hook->apply_filters() /Users/akilmacbook/Local Sites/sumit/app/public/wp-includes/class-wp-hook.php:331
[20-Oct-2022 20:46:23 UTC] PHP   5. general_settings_register_hide_section_inputs() /Users/akilmacbook/Local Sites/sumit/app/public/wp-includes/class-wp-hook.php:307
[20-Oct-2022 20:46:54 UTC] PHP Warning:  call_user_func_array() expects parameter 2 to be array, string given in /Users/akilmacbook/Local Sites/sumit/app/public/wp-content/themes/sumit/functions.php on line 220
[20-Oct-2022 20:46:54 UTC] PHP Stack trace:
[20-Oct-2022 20:46:54 UTC] PHP   1. {main}() /Users/akilmacbook/Local Sites/sumit/app/public/wp-admin/admin-ajax.php:0
[20-Oct-2022 20:46:54 UTC] PHP   2. do_action() /Users/akilmacbook/Local Sites/sumit/app/public/wp-admin/admin-ajax.php:45
[20-Oct-2022 20:46:54 UTC] PHP   3. WP_Hook->do_action() /Users/akilmacbook/Local Sites/sumit/app/public/wp-includes/plugin.php:476
[20-Oct-2022 20:46:54 UTC] PHP   4. WP_Hook->apply_filters() /Users/akilmacbook/Local Sites/sumit/app/public/wp-includes/class-wp-hook.php:331
[20-Oct-2022 20:46:54 UTC] PHP   5. general_settings_register_hide_section_inputs() /Users/akilmacbook/Local Sites/sumit/app/public/wp-includes/class-wp-hook.php:307
[20-Oct-2022 20:46:54 UTC] PHP Warning:  call_user_func_array() expects parameter 2 to be array, string given in /Users/akilmacbook/Local Sites/sumit/app/public/wp-content/themes/sumit/functions.php on line 220
[20-Oct-2022 20:46:54 UTC] PHP Stack trace:
[20-Oct-2022 20:46:54 UTC] PHP   1. {main}() /Users/akilmacbook/Local Sites/sumit/app/public/wp-admin/admin-ajax.php:0
[20-Oct-2022 20:46:54 UTC] PHP   2. do_action() /Users/akilmacbook/Local Sites/sumit/app/public/wp-admin/admin-ajax.php:45
[20-Oct-2022 20:46:54 UTC] PHP   3. WP_Hook->do_action() /Users/akilmacbook/Local Sites/sumit/app/public/wp-includes/plugin.php:476
[20-Oct-2022 20:46:54 UTC] PHP   4. WP_Hook->apply_filters() /Users/akilmacbook/Local Sites/sumit/app/public/wp-includes/class-wp-hook.php:331
[20-Oct-2022 20:46:54 UTC] PHP   5. general_settings_register_hide_section_inputs() /Users/akilmacbook/Local Sites/sumit/app/public/wp-includes/class-wp-hook.php:307
[20-Oct-2022 20:47:00 UTC] PHP Warning:  call_user_func() expects parameter 1 to be a valid callback, function 'wrapper' not found or invalid function name in /Users/akilmacbook/Local Sites/sumit/app/public/wp-admin/includes/template.php on line 1749
[20-Oct-2022 20:47:00 UTC] PHP Stack trace:
[20-Oct-2022 20:47:00 UTC] PHP   1. {main}() /Users/akilmacbook/Local Sites/sumit/app/public/wp-admin/options-general.php:0
[20-Oct-2022 20:47:00 UTC] PHP   2. do_settings_fields() /Users/akilmacbook/Local Sites/sumit/app/public/wp-admin/options-general.php:399
[20-Oct-2022 20:47:00 UTC] PHP Warning:  call_user_func() expects parameter 1 to be a valid callback, function 'wrapper' not found or invalid function name in /Users/akilmacbook/Local Sites/sumit/app/public/wp-admin/includes/template.php on line 1749
[20-Oct-2022 20:47:00 UTC] PHP Stack trace:
[20-Oct-2022 20:47:00 UTC] PHP   1. {main}() /Users/akilmacbook/Local Sites/sumit/app/public/wp-admin/options-general.php:0
[20-Oct-2022 20:47:00 UTC] PHP   2. do_settings_fields() /Users/akilmacbook/Local Sites/sumit/app/public/wp-admin/options-general.php:399
[20-Oct-2022 20:47:44 UTC] PHP Fatal error:  Uncaught Error: Object of class stdClass could not be converted to string in /Users/akilmacbook/Local Sites/sumit/app/public/wp-content/themes/sumit/functions.php:229
Stack trace:
#0 /Users/akilmacbook/Local Sites/sumit/app/public/wp-content/themes/sumit/functions.php(220): hide_section_input(Object(stdClass))
#1 /Users/akilmacbook/Local Sites/sumit/app/public/wp-admin/includes/template.php(1749): {closure}(Array)
#2 /Users/akilmacbook/Local Sites/sumit/app/public/wp-admin/options-general.php(399): do_settings_fields('general', 'default')
#3 {main}
  thrown in /Users/akilmacbook/Local Sites/sumit/app/public/wp-content/themes/sumit/functions.php on line 229
[20-Oct-2022 20:49:27 UTC] PHP Warning:  call_user_func() expects parameter 1 to be a valid callback, no array or string given in /Users/akilmacbook/Local Sites/sumit/app/public/wp-admin/includes/template.php on line 1749
[20-Oct-2022 20:49:27 UTC] PHP Stack trace:
[20-Oct-2022 20:49:27 UTC] PHP   1. {main}() /Users/akilmacbook/Local Sites/sumit/app/public/wp-admin/options-general.php:0
[20-Oct-2022 20:49:27 UTC] PHP   2. do_settings_fields() /Users/akilmacbook/Local Sites/sumit/app/public/wp-admin/options-general.php:399
[20-Oct-2022 20:49:27 UTC] PHP Warning:  call_user_func() expects parameter 1 to be a valid callback, no array or string given in /Users/akilmacbook/Local Sites/sumit/app/public/wp-admin/includes/template.php on line 1749
[20-Oct-2022 20:49:27 UTC] PHP Stack trace:
[20-Oct-2022 20:49:27 UTC] PHP   1. {main}() /Users/akilmacbook/Local Sites/sumit/app/public/wp-admin/options-general.php:0
[20-Oct-2022 20:49:27 UTC] PHP   2. do_settings_fields() /Users/akilmacbook/Local Sites/sumit/app/public/wp-admin/options-general.php:399
[20-Oct-2022 20:56:32 UTC] PHP Parse error:  syntax error, unexpected ')' in /Users/akilmacbook/Local Sites/sumit/app/public/wp-content/themes/sumit/functions.php on line 224
[20-Oct-2022 20:59:34 UTC] PHP Parse error:  syntax error, unexpected '->' (T_OBJECT_OPERATOR), expecting ')' or ',' in /Users/akilmacbook/Local Sites/sumit/app/public/wp-content/themes/sumit/functions.php on line 220
[20-Oct-2022 21:02:28 UTC] PHP Parse error:  syntax error, unexpected '"a"' (T_CONSTANT_ENCAPSED_STRING), expecting '&' or variable (T_VARIABLE) in /Users/akilmacbook/Local Sites/sumit/app/public/wp-content/themes/sumit/functions.php on line 220
[20-Oct-2022 21:02:44 UTC] PHP Parse error:  syntax error, unexpected '->' (T_OBJECT_OPERATOR), expecting ')' or ',' in /Users/akilmacbook/Local Sites/sumit/app/public/wp-content/themes/sumit/functions.php on line 220
[20-Oct-2022 21:21:58 UTC] PHP Parse error:  syntax error, unexpected 'get_settings' (T_STRING), expecting '(' in /Users/akilmacbook/Local Sites/sumit/app/public/wp-content/themes/sumit/home.php on line 737
[21-Oct-2022 15:07:52 UTC] PHP Parse error:  syntax error, unexpected 'id' (T_STRING), expecting ']' in /Users/akilmacbook/Local Sites/sumit/app/public/wp-content/themes/sumit/home.php on line 821
[24-Oct-2022 18:05:15 UTC] PHP Parse error:  syntax error, unexpected 'endif' (T_ENDIF) in /Users/akilmacbook/Local Sites/sumit/app/public/wp-content/themes/sumit/home.php on line 461
